### ISSUE TITLE
Investigate mips64 sim mozilla/js1_5/extensions/regress-355497

### ISSUE THREAD

**Issue by paul99** [v8mips/v8mips#101]
The below test is supposed to verify that we do not overflow stack. It times out intermittently. 

Please investigate and find out how long it takes to run/pass normally, and adjust sim timeout if needed.

It prints messages about stack failure we also need to find out if those messages are a normal part of this test, or are also a failure mode. Please compare to mips32 version of this test, for messages and execution time.

```
=== mozilla/js1_5/extensions/regress-355497 ===
BUGNUMBER: 355497
STATUS: Do not overflow stack with Array.slice, getter
 FAILED! [reported from test()] Do not overflow stack with Array.slice, getter: 1 : Expected value 'InternalError: too much recursion', Actual value 'RangeError: Maximum call stack size exceeded' 
 FAILED! [reported from test()] Do not overflow stack with Array.slice, getter: 2 : Expected value 'InternalError: too much recursion', Actual value 'TypeError: undefined is not a function'
Command: /bbv8-slaves/mips-sim-13/build/slave/v8-linux-mips64el-sim-edge-mozilla/build/v8/out/Release/d8 --test --random-seed=111448587 --turbo-asm --turbo-filter=* --always-opt --nohard-abort --nodead-code-elimination --nofold-constants --expose-gc /bbv8-slaves/mips-sim-13/build/slave/v8-linux-mips64el-sim-edge-mozilla/build/v8/test/mozilla/mozilla-shell-emulation.js /bbv8-slaves/mips-sim-13/build/slave/v8-linux-mips64el-sim-edge-mozilla/build/v8/test/mozilla/data/shell.js /bbv8-slaves/mips-sim-13/build/slave/v8-linux-mips64el-sim-edge-mozilla/build/v8/test/mozilla/data/js1_5/shell.js /bbv8-slaves/mips-sim-13/build/slave/v8-linux-mips64el-sim-edge-mozilla/build/v8/test/mozilla/data/js1_5/extensions/shell.js /bbv8-slaves/mips-sim-13/build/slave/v8-linux-mips64el-sim-edge-mozilla/build/v8/test/mozilla/data/js1_5/extensions/regress-355497.js
--- TIMEOUT ---
# /bbv8-slaves/mips-sim-13/build/slave/v8-linux-mips64el-sim-edge-mozilla/build/v8/out/Release/d8 --test --random-seed=111448587 --turbo-asm --turbo-filter=* --always-opt --nohard-abort --nodead-code-elimination --nofold-constants --expose-gc /bbv8-slaves/mips-sim-13/build/slave/v8-linux-mips64el-sim-edge-mozilla/build/v8/test/mozilla/mozilla-shell-emulation.js /bbv8-slaves/mips-sim-13/build/slave/v8-linux-mips64el-sim-edge-mozilla/build/v8/test/mozilla/data/shell.js /bbv8-slaves/mips-sim-13/build/slave/v8-linux-mips64el-sim-edge-mozilla/build/v8/test/mozilla/data/js1_5/shell.js /bbv8-slaves/mips-sim-13/build/slave/v8-linux-mips64el-sim-edge-mozilla/build/v8/test/mozilla/data/js1_5/GC/shell.js /bbv8-slaves/mips-sim-13/build/slave/v8-linux-mips64el-sim-edge-mozilla/build/v8/test/mozilla/data/js1_5/GC/regress-383269-01.js
# /bbv8-slaves/mips-sim-13/build/slave/v8-linux-mips64el-sim-edge-mozilla/build/v8/out/Release/d8 --test --random-seed=111448587 --nohard-abort --nodead-code-elimination --nofold-constants --expose-gc /bbv8-slaves/mips-sim-13/build/slave/v8-linux-mips64el-sim-edge-mozilla/build/v8/test/mozilla/mozilla-shell-emulation.js /bbv8-slaves/mips-sim-13/build/slave/v8-linux-mips64el-sim-edge-mozilla/build/v8/test/mozilla/data/shell.js /bbv8-slaves/mips-sim-13/build/slave/v8-linux-mips64el-sim-edge-mozilla/build/v8/test/mozilla/data/ecma/shell.js /bbv8-slaves/mips-sim-13/build/slave/v8-linux-mips64el-sim-edge-mozilla/build/v8/test/mozilla/data/ecma/Expressions/shell.js /bbv8-slaves/mips-sim-13/build/slave/v8-linux-mips64el-sim-edge-mozilla/build/v8/test/mozilla/data/ecma/Expressions/11.10-3.js
```

**Comment by kwan0xfff** [comment]
Code for this test is in: mozilla/data/js1_5/extensions/regress-355497.js

The test itself is composed of 3 try-catch subtests, each of which is supposed to produce the message "InternalError: too much recursion".  That is, what's really being tested here is the exception generation.

For "v8-linux-mips64el-sim-edge-mozilla", subtests numbers 1 and 2 are failing because they are catching something different: subtest 1: a RangeError, subtest 2: a TypeError. Subtest 3 seems to be catching the right thing.

I've only looked at the output logs of the 32-bit sim; I have not yet run it.  The logs show that the test succeeds in that sim; it is presumably producing the "InternalError" exception in each subtest and properly catching it; hence no further report.

If this test is going to fail, it should simply crash rather than time out.  (Better yet, it should catch the InternalError exception.)  I've copied the built workspace to my own machine; when I run it, it produces a "--- CRASHED ---" line, but is preceded by the two failed subtest messages. Changing the stack size does not seem to make a difference; I've run the 64-bit sim with 8192K and 12288K.

**Comment by kwan0xfff** [comment]
To add a bit more clarity, I’ve finally run just the regression test itself (“data/js1_5/extensions/regress-355497.js”) in mips64 sim. All three subtests happen very fast, with “FAILED!” messages showing up almost immediately on test invocation.

The problem is that the last two subtests did not trap on “InternalError: too much recursion”. Instead, they generated a couple of other exceptions. When timeout happens, it is a failure to recover from the exception(s). It appears that the 64-bit sim needs to be fixed to catch the InternalError exception(s).

(Alas, I’m chasing some other urgent tasks; so I have not been able replicate the 32-bit sim success yet. But I suggest that it is not necessary to do so.)

**Comment by kilvadyb** [comment]
On mipsel 32 bit the result of time on our hjdev:
BUGNUMBER: 355497
STATUS: Do not overflow stack with Array.slice, getter
 FAILED! [reported from test()] Do not overflow stack with Array.slice, getter: 1 : Expected value 'InternalError: too much recursion', Actual value 'RangeError: Maximum call stack size exceeded' 
 FAILED! [reported from test()] Do not overflow stack with Array.slice, getter: 2 : Expected value 'InternalError: too much recursion', Actual value 'TypeError: undefined is not a function'
real    0m21.931s
user    0m21.841s
sys 0m0.020s

It seems the two FAILED lines are expected output. I think because the --turbo-asm --turbo-filter=\* flags the generated and executed code might be different on 32 and 64 bits.

On mips64el sim it crashes:
hjdev:/data/kilvadyb/v8m-rb-sim(dev)$ time out/mips64el.release/d8 --test --random-seed=111448587 --turbo-asm --turbo-filter=\* --always-opt --nohard-abort --nodead-code-elimination --nofold-constants --expose-gc test/mozilla/mozilla-shell-emulation.js test/mozilla/data/shell.js test/mozilla/data/js1_5/shell.js test/mozilla/data/js1_5/extensions/shell.js test/mozilla/data/js1_5/extensions/regress-355497.js
BUGNUMBER: 355497
STATUS: Do not overflow stack with Array.slice, getter
Segmentation fault (core dumped)

The same revision in debug mode crashes on my mac:
time xcodebuild/Debug/d8 --test --random-seed=111448587 --turbo-asm --tu
rbo-filter=\* --always-opt --nohard-abort --nodead-code-elimination --nofold-constants --expose-gc test/mozilla/mozilla-shell-emulation.js test/mozilla/data/shell.js test/mozilla/data/js1_5/shell.js test/mozilla/data/js1_5/extensions/shell.js test/mozilla/data/js1_5/extensions/regress-355497.js
BUGNUMBER: 355497
STATUS: Do not overflow stack with Array.slice, getter
Segmentation fault: 11

From the call trace the

```
// KeyedGetProperty is called from KeyedLoadIC::GenerateGeneric.
RUNTIME_FUNCTION(Runtime_KeyedGetProperty) {
```

part might be useful to investigate. I will check the results after  compiling newer revision.

**Comment by kilvadyb** [comment]
The test also fails on 32 bit sim in debug mode although at different point:

```
out/mipsel.debug/d8 --test --random-seed=111448587 --nohard-abort --nodead-code-elimination --nofold-constants --expose-gc test/mozilla/mozilla-shell-emulation.js test/mozilla/data/shell.js test/mozilla/data/js1_5/shell.js test/mozilla/data/js1_5/extensions/shell.js test/mozilla/data/js1_5/extensions/regress-355497.js
BUGNUMBER: 355497
STATUS: Do not overflow stack with Array.slice, getter
 FAILED! [reported from test()] Do not overflow stack with Array.slice, getter: 1 : Expected value 'InternalError: too much recursion', Actual value 'RangeError: Maximum call stack size exceeded' 
 FAILED! [reported from test()] Do not overflow stack with Array.slice, getter: 2 : Expected value 'InternalError: too much recursion', Actual value 'TypeError: undefined is not a function' 
Segmentation fault (core dumped)
```

**Comment by kilvadyb** [comment]
The test checks if stack overflow is handled correctly (noticed and avoided) with endless recursion. From the debugger we can see that the C++ stack overflows (or underflows as the rsp decreased):

```
(lldb) x/16wx $rsp
error: memory read failed for 0x7fff5f3ffe00
(lldb) x/16wx $rsp+0x10
0x7fff5f400000: 0x5f4001c0 0x00007fff 0x0069b9aa 0x00000001
...
```

Seems to be similar to my all-time favorite webkit bug. V8 checks only the JavaScript stack against overflow but in simulator we have separated JS and C stacks. And the C stack overflows. I investigate why the test passes in 32 bit. I think in 32 bit mode about half a stack size used than in 64 bit.

**Comment by kilvadyb** [comment]
I tried out to set the simulator's stack to a low value: FLAG_sim_stack_size = 32 (KB). So the JavaScript stack is significantly smaller then the C stack and all the stack overflows happens earlier in the JS stack and V8 catches those overflows. I think the nice way would be to add FLAG_sim_stack_size to the 32 bit simulator also and somehow mark the mozilla/js1_5/extensions/regress-355497 test to use the
 --stack_size=32 flag. With such a small JS stack the test is passed in 32, 64 bits debug and release modes.

**Comment by paul99** [comment]
This sounds like it might be a nice solution.
- Can you remind me what the current sizes of the C and JS stack are without a change? And is this same for ARM?
- Is there a way to add a flag to a test via the test status file - so that we do not have to edit the test source itself, or force the flag for all arch's?
- My recollection from a few days ago was that this test passed on 32-bit sim, and only failed on 64-bit sim. Is that your experience? Is that understood?

**Comment by kilvadyb** [comment]
- JS stack allocated by the simulator on

mips64el, arm64:

```
DEFINE_INT(sim_stack_size, 2 * MB / KB,
           "Stack size of the ARM64 and MIPS64 simulator "
           "in kBytes (default is 2 MB)")
```

mipsel (32 bit):

```
  // Simulator support.
  // Allocate 1MB for stack.
  static const size_t stack_size_ = 1 * 1024*1024;
```

arm (32 bit):

```
  // setup the architecture state.
  size_t stack_size = 1 * 1024*1024;  // allocate 1MB for stack
  stack_ = reinterpret_cast<char*>(malloc(stack_size));
```

I guess this value is the stack size for a V8 thread:

```
#ifdef V8_TARGET_ARCH_ARM
// Set stack limit lower for ARM than for other architectures because
// stack allocating MacroAssembler takes 120K bytes.
// See issue crbug.com/405338
#define V8_DEFAULT_STACK_SIZE_KB 864
#else
// Slightly less than 1MB, since Windows' default stack size for
// the main execution thread is 1MB for both 32 and 64-bit.
#define V8_DEFAULT_STACK_SIZE_KB 984
#endif
```
- I could not found a way to add flags in .status files. I think run-test.py should be modified for that. But I analyze the code of it further.
- The test passes on 32 bit sim release mode but fails in debug mode. The test runs 3 steps for stack overflow testing and in debug mode it segfaults in the 3rd step with the similar C stack overflow:

```
rogram received signal SIGSEGV, Segmentation fault.
…
178     InitOnceTrait::Init(
   0x085aba1f <+19>:    movl   $0x85aba9e,0x4(%esp)
   0x085aba27 <+27>:    mov    %eax,(%esp)
=> 0x085aba2a <+30>:    call   0x85abab1 <v8::base::ThreadSafeInitOnceTrait::Init<void (*)(void*), void*>(int*, void (*)(void*), void*)>

gdb) x/4wx $esp
0xff7fe000: 0x09bc0974  0x085aba9e  0x09bc0978  0x00000000
(gdb) x/4wx $esp-4
0xff7fdffc: Cannot access memory at address 0xff7fdffc
(gdb) 
```

**Comment by paul99** [comment]
Regarding the last point: our Buildbot shows this passing on mips32 debug build.

https://v8.mips.com/bbv8/builders/Sim%20-%20Debug%20-%20edge%20-%20mozilla/builds/3803/steps/Mozilla/logs/stdio

Can you investigate why it fails for you and runs on the BB.  (I will try and built it locally as well)

**Comment by paul99** [comment]
It crashes for me on mipsel and arm debug builds (testing the --nocrankshaft variant), not certain why the buildbots don't care. Needs more investigation.

This is listed in mozilla.status as `[FAIL_OK]` (but that is _not_ CRASH OK.)

This test is skipped for ARM64, with this bug: https://code.google.com/p/v8/issues/detail?can=2&q=3152  (been open for quite some time, glad we're not the only ones slow on some issues :-)

So if we fix this with the flag as you suggested, we could fix the arm64 test same way.

**Comment by kilvadyb** [comment]
I have a partial result in adding flags to particular tests (conditionally). I think the patch is quite small but I have to fix it to handle list of flags with proper whitespace trimming. Please take a look if it is an acceptable direction.

```
diff --git a/test/mozilla/mozilla.status b/test/mozilla/mozilla.status
index 077662e..db85119 100644
--- a/test/mozilla/mozilla.status
+++ b/test/mozilla/mozilla.status
@@ -709,7 +709,6 @@
   'js1_5/extensions/regress-352604': [FAIL_OK],
   'js1_5/extensions/regress-353214': [FAIL_OK],
   'js1_5/extensions/regress-355339': [FAIL_OK],
-  'js1_5/extensions/regress-355497': [FAIL_OK],
   'js1_5/extensions/regress-355622': [FAIL_OK],
   'js1_5/extensions/regress-355736': [FAIL_OK],
   'js1_5/extensions/regress-356085': [FAIL_OK],
@@ -891,8 +890,13 @@

   # BUG(1040): Allow this test to timeout.
   'js1_5/GC/regress-203278-2': [PASS, TIMEOUT, NO_VARIANTS],
+
 }],  # 'arch == mipsel or arch == mips64el'

+['arch == mipsel or arch == mips64el', {
+  'js1_5/extensions/regress-355497': ['Flags: --stack_size=32'],
+}],
+
 ['arch == mips', {

   # BUG(3251229): Times out when running new crankshaft test script.
diff --git a/tools/testrunner/local/testsuite.py b/tools/testrunner/local/testsuite.py
index 6ff97b3..3ba506a 100644
--- a/tools/testrunner/local/testsuite.py
+++ b/tools/testrunner/local/testsuite.py
@@ -136,6 +136,11 @@ class TestSuite(object):
         t.outcomes = self.rules[testname]
         if statusfile.DoSkip(t.outcomes):
           continue  # Don't add skipped tests to |filtered|.
+        for outc in t.outcomes:
+          assert type(outc) == str
+          if outc.startswith('Flags: '):
+            (tmp0, tmp1, flags) = outc.partition(':')
+            t.flags += [flags.lstrip()]
         flaky = statusfile.IsFlaky(t.outcomes)
         slow = statusfile.IsSlow(t.outcomes)
         pass_fail = statusfile.IsPassOrFail(t.outcomes)
```

And the command line looks like:

```
Command: /data/kilvadyb/v8/out/mips64el.release/d8 --test --random-seed=-868290387 --stack_size=32 --nocrankshaft --nohard-abort --nodead-code-elimination --nofold-constants --expose-gc /data/kilvadyb/v8/test/mozilla/mozilla-shell-emulation.js /data/kilvadyb/v8/test/mozilla/data/shell.js /data/kilvadyb/v8/test/mozilla/data/js1_5/shell.js /data/kilvadyb/v8/test/mozilla/data/js1_5/extensions/shell.js /data/kilvadyb/v8/test/mozilla/data/js1_5/extensions/regress-355497.js
```

**Comment by paul99** [comment]
The test runner patch seems clean and small, very nice. (but I agree that it should work for lists). 

We should test that this 'fix' works ok with arm64 also, though I am unsure if we should submit the fix for it as well, let me think about that a little bit.

We would need to 'summarize/explain' your previous findings about JS vs C stack sizes in simulator, in the CL.(even if it is just for mips)

Finally, I think we really need to understand why the bots pass this test for misspell and arm (both 32-bit) when running the tests on our local workstations fail. I ran mine via standalone command, not thru test-runner. I will play with that a bit.

**Comment by paul99** [comment]
My testing showed that passing in the stack limit flag with value 512, both arm64 and mips64 would reliably pass the test.

In trying to understand why the 32-bit simulators (arm & mipsel) both fail on my workstation, but pass on the the buildbot - I realized that we can also vary the C stack size with 'ulimit -s'. On my workstation, the default stack ulimit is 8192 (which in separate issue, we determined was in units of 1K bytes, so that is 8 MB).

I found that mips64 and arm64 would pass the test with ulimit of 32768. It would fail with 16384. (I did not try values in between.)

It is quite slow to eventually pass the test (7 min on arm64, 9 min on mips64). I like the 'FLAG_sim-stack-size' solution much better.

Please note that from what I heard from @MIPSbkirby, and read in the BB source, they also set stack ulimit to 8192, so there is still _no good explanation_ for why the bots pass this test on the 32-bit simulators.

However, I think we should submit this change for mips64 and arm64 using the flag (value 512) and your change to the run-tests script.

Please add Michael A. and Ulan as google reviews, and also add Jacob.Bramley from Arm, and mention bug https://code.google.com/p/v8/issues/detail?id=3152.

A key to this will be a concise explanation of your findings about the separated C & JS stacks of the simulator, and that this is no issue on real HW. I think it is also fair to mention that increasing C stack fixes, but we already have the flag to control the JS stack size, so that's easier.

**Comment by kilvadyb** [comment]
I "back ported" FLAG_sim_stack_size to mipsel (and hopefully to mips) and fixed the tests for those archs:

```
commit e4618cee904cf1c0aea11f2018f6efe6f171a9fb
Author: Balazs Kilvady <balazs.kilvady@imgtec.com>
Date:   Mon Nov 24 18:36:51 2014 +0100

    Add FLAG_sim_stack_size to MIPS.

diff --git a/src/flag-definitions.h b/src/flag-definitions.h
index 4d22d83..6a79064 100644
--- a/src/flag-definitions.h
+++ b/src/flag-definitions.h
@@ -645,13 +645,16 @@ DEFINE_INT(stop_sim_at, 0, "Simulator stop after x number of instructions")
 DEFINE_INT(sim_stack_alignment, 16,
            "Stack alignment in bytes in simulator. This must be a power of two "
            "and it must be at least 16. 16 is default.")
+DEFINE_INT(sim_stack_size, 2 * MB / KB,
+           "Stack size of the ARM64 and MIPS64 simulator "
+           "in kBytes (default is 2 MB)")
 #else
+DEFINE_INT(sim_stack_size, 1 * MB / KB,
+           "Stack size of the MIPS simulator "
+           "in kBytes (default is 1 MB)")
 DEFINE_INT(sim_stack_alignment, 8,
            "Stack alingment in bytes in simulator (4 or 8, 8 is default)")
 #endif
-DEFINE_INT(sim_stack_size, 2 * MB / KB,
-           "Stack size of the ARM64 and MIPS64 simulator "
-           "in kBytes (default is 2 MB)")
 DEFINE_BOOL(log_regs_modified, true,
             "When logging register values, only print modified registers.")
 DEFINE_BOOL(log_colour, true, "When logging, try to use coloured output.")
diff --git a/src/mips/simulator-mips.cc b/src/mips/simulator-mips.cc
index fabca67..5045792 100644
--- a/src/mips/simulator-mips.cc
+++ b/src/mips/simulator-mips.cc
@@ -955,6 +955,7 @@ Simulator::Simulator(Isolate* isolate) : isolate_(isolate) {
   Initialize(isolate);
   // Set up simulator support first. Some of this information is needed to
   // setup the architecture state.
+  stack_size_ = FLAG_sim_stack_size * KB;
   stack_ = reinterpret_cast<char*>(malloc(stack_size_));
   pc_modified_ = false;
   icount_ = 0;
diff --git a/src/mips/simulator-mips.h b/src/mips/simulator-mips.h
index 85f6477..b6dca81 100644
--- a/src/mips/simulator-mips.h
+++ b/src/mips/simulator-mips.h
@@ -350,7 +350,7 @@ class Simulator {

   // Simulator support.
   // Allocate 1MB for stack.
-  static const size_t stack_size_ = 1 * 1024*1024;
+  size_t stack_size_;
   char* stack_;
   bool pc_modified_;
   int icount_;
diff --git a/test/mozilla/mozilla.status b/test/mozilla/mozilla.status
index 374103b..ce869f6 100644
--- a/test/mozilla/mozilla.status
+++ b/test/mozilla/mozilla.status
@@ -889,11 +889,10 @@

   # BUG(1040): Allow this test to timeout.
   'js1_5/GC/regress-203278-2': [PASS, TIMEOUT, NO_VARIANTS],
-}],  # 'arch == mipsel or arch == mips64el'

-['arch == mips64el and simulator_run == True', {
-  'js1_5/extensions/regress-355497': [FAIL_OK, 'Flags: --sim-stack-size=512'],
-}],
+  'js1_5/extensions/regress-355497':
+      [FAIL_OK, ['simulator_run == True', 'Flags: --sim-stack-size=512']],
+}],  # 'arch == mipsel or arch == mips64el'

 ['arch == mips', {

@@ -912,6 +911,9 @@

   # BUG(1040): Allow this test to timeout.
   'js1_5/GC/regress-203278-2': [PASS, TIMEOUT, NO_VARIANTS],
+
+  'js1_5/extensions/regress-355497':
+      [FAIL_OK, ['simulator_run == True', 'Flags: --sim-stack-size=512']],
 }],  # 'arch == mips'

 ['arch == arm64 and simulator_run == True', {
```

**Comment by paul99** [comment]
This was fixed in fbcfce69aa47 {#25434} (20-November)  by Balázs for mips64 and arm64.

We still have open issue as to why this passes on the simulators for mipsel under buildbot, but fails when we run from command line. 

I'm going to lower the priority of this, as we have so many other active issues, but we do need to follow up and understand it.

**Comment by paul99** [comment]
With the NaN change, this started failing on mipsel simulator also.

I was going to add the flag for simulator stack size to our sim (and maybe to the arm sim also).

However, the FLAG_sim_stack_size is set to 2 MB, which is the right value for the ARM64 and MIPS64 simulators. The arm and mips sims now use a 1MB stack by default.

Options I see are all suboptimal, @kilvadyb and @dusmil , can you please see if you like any of these or can think of better option?
1. Use existing FLAG_sim_stack_size but divide the value by 2. (confusing when used in test.status)
2. Create a new FLAG_sim32_stack_size or something.
3. Just forget it and add this test to the skip list 

BTW, Benedikt did 3 after first thinking the size param was used on 32-bit sims:
https://codereview.chromium.org/861233002
https://codereview.chromium.org/864073002

**Comment by kilvadyb** [comment]
I think FLAG_sim_stack_size could be used for all the stack overflow tests on simulators. Benedikt's first attempt was not successful as 512K stack size is still too big. As I remember 32K stack size was good. FLAG_sim_stack_size can be used conditionally for 32 an 64 bit arch with different values so Option 2. is not necessary I think. But 32K was good for all the sims for this test, so we can:
1.

```
['arch == mipsel and simulator_run == True', {
   #BUG(3837): Avoid C stack overflow.
   'js1_5/extensions/regress-355497': [FAIL_OK, 'Flags: --sim-stack-size=64'],
}],
['arch == mips64el and simulator_run == True', {
   #BUG(3837): Avoid C stack overflow.
   'js1_5/extensions/regress-355497': [FAIL_OK, 'Flags: --sim-stack-size=32'],
}],
```

Or just SKIP it. I would vote for SKIPing because
- It won't be the same stack overflow checking as on a real target hardware (should work fine with default stack sizes and only with one stack so the stack overflow must be caught in asm code and the overflow can't reach the C++ code - and we cannot test it with using separated C and JS stacks on simulators).
- Finding out the proper stack size for all of stack overflow tests is tiresome and the we might have to update the 'good' value again and again for new revisions.

**Comment by paul99** [comment]
OK, I agree with this, can you do a CL to add this to the skip list for mipsel on sim?

**Comment by kisg** [comment]
Test was moved to the skip list.
