### ISSUE TITLE
Loongson failing mjsunit tests

### ISSUE THREAD

**Issue by kapouer** [v8mips/v8mips#17]
Hi,
i open an issue here since i don't know if you're aware of
http://code.google.com/p/v8/issues/detail?id=2115

Best regards,
Jérémy.

**Comment by kisg** [comment]
Dusan, 

I think you have longsoon HW to test this.

Thanks,
Gergely

**Comment by dusmil** [comment]
I confirm that there is a problem for  Loongson, and it is manifested as crashing in optimized code for Math.random().

The fix for this, ready for cherry-picking is on the dm-dev branch.

The cause of  mjsunit crashes is illegal instruction use of assembler "mull" instead of macro assembler "Mull"
I strongly advise to use macro-assembler version (Mull)  for multiply instruction when porting code for MIPS, as it`s done with Addu, Subu and other instructions, to avoid similar problems in future.

Just as a reminder,
other instructions that can cause problems on Loongson are: "clz" , "movt", "movf", "movz", "movn".
For these instructions corresponding macro-assembler versions with capital latter should be used.

**Comment by kisg** [comment]
Maybe it would make sense to make these problematic instructions private, so one can not use them by accident. What do you think?

**Comment by kisg** [comment]
Ákos, please review and push Dusan's fix to Google.

**Comment by dusmil** [comment]
Ok, nice idea to make these instructions private (make assembler methods protected  to be precise), but we will have problem with cctests that directly call corresponding assembler methods in order to test assembler module.

**Comment by kisg** [comment]
We could make the cctest classes / functions friend to the assembler.

**Comment by palfia** [comment]
Pushed commit to bleeding_edge branch and also submitted patch to Google: https://chromiumcodereview.appspot.com/10383044/

**Comment by paul99** [comment]
This was landed on google bleeding_edge as r11523. Good work everyone in turning this around so quickly.

Jérémy, is this sufficient, or do you need this ported to any of the release branches?

**Comment by kapouer** [comment]
Thank you for the quick replies,
I actually applied the patch directly to the 3.9 and 3.10 branches i'm using for the tests.
It seems to be fixing 4 tests. Note that all mjsunit tests pass on mips32r2.

**Comment by kapouer** [comment]
Sorry my previous remark was about 3.9 branch.
On 3.10 it's fixing most failures, and there are 8 remaining ones.

I guess i have to check if those 8 failures are in bleeding_edge too...

**Comment by paul99** [comment]
OK, then it seems that maybe we fixed one bug, and there may be more. Jérémy, please post your test results here, and I will ask Dusan to run the complete test suites, and resolve any other failures that are found.

FYI, we will be adding Loongson to our test runner, so that in the future these regressions will be detected early/automatically. But it will take us a few days to make this happen. Sorry for the problems.

**Comment by kapouer** [comment]
The results are attached there :
http://code.google.com/p/v8/issues/detail?id=2115#c6

I am just trying to enable mipsel for the libv8 debian package.
3.10 seemed a rather good candidate.

**Comment by paul99** [comment]
Jérémy, 3.10 should be a good candidate, once we get these issues fixed.

Today I set up a Lemote Yeeloong 8089_B laptop with Debian Squeeze, gcc 4.4. It is a Loongson 2F cpu.

In the http://code.google.com/p/v8/issues/detail?id=2115 issue you said Loonson 2E cpu. Could the errors you are seeing be a difference from 2E to 2F? All MIPS testing has been done on 2F/Lemote.

Now I built from Google's bleeding_edge today, at r 11523 (git commit id 6f5c059caa). That is only a very few commits different than 3.10 branch and it does have Dusan's fix from today for Loongson.

In another departure from your build, I used scons, and static link. I will repeat the testing tomorrow using gyp build and shared lib, and I hope that Dusan can get to this in his timezone, before I wake up.

If the bugs were related to code-generation issues for Loongson, they would exist regardless of these differences.

I ran cctest and mjsunit test individually (in your make check, it runs both suites together). On one run I did have one cctest failure, however than fail was not repeatable, either individually (ran 10 times), nor by running the entire cctest suite again. Here are the results:

```
cctest     [20:15|% 100|+ 2777|-   1]: Done--- Total time: 20:15.237 ---
cctest     [20:17|% 100|+ 2778|-   0]: Done--- Total time: 20:17.204 ---        2nd run of full cctest suite
mjsunit    [50:55|% 100|+ 2811|-   0]: Done--- Total time: 50:55.327 ---
```

The test that did fail once was test-serialize DeserializeFromSecondSerializationAndRunScript2

Please comment on the 2E versus 2F issue. Where can we obtain a machine with 2E, if it is indeed different? Do you have any documentation on possible differences?

Are you using newer version of Debian, and do you think gcc differences could explain any issues? Do you recommend that I update?

**Comment by kapouer** [comment]
Reading from either manuals (copies available at http://www.linux-mips.org/wiki/Loongson), instructions sets are identical between 2E and 2F, so you're right, we should get the same failures.

I'm building in a sid chroot, here's the output of  `gcc -v`

<pre>
Using built-in specs.
COLLECT_GCC=gcc
COLLECT_LTO_WRAPPER=/usr/lib/gcc/mipsel-linux-gnu/4.6/lto-wrapper
Target: mipsel-linux-gnu
Configured with: ../src/configure -v --with-pkgversion='Debian 4.6.3-5' --with-bugurl=file:///usr/share/doc/gcc-4.6/README.Bugs --enable-languages=c,c++,fortran,objc,obj-c++ --prefix=/usr --program-suffix=-4.6 --enable-shared --enable-linker-build-id --with-system-zlib --libexecdir=/usr/lib --without-included-gettext --enable-threads=posix --with-gxx-include-dir=/usr/include/c++/4.6 --libdir=/usr/lib --enable-nls --with-sysroot=/ --enable-clocale=gnu --enable-libstdcxx-debug --enable-libstdcxx-time=yes --enable-gnu-unique-object --enable-plugin --with-mips-plt --with-arch-32=mips2 --with-tune-32=mips32 --enable-targets=all --with-arch-64=mips3 --with-tune-64=mips64 --enable-checking=release --build=mipsel-linux-gnu --host=mipsel-linux-gnu --target=mipsel-linux-gnu
Thread model: posix
gcc version 4.6.3 (Debian 4.6.3-5)
</pre>


Right now i am building with mode=debug, just to check if that can lead to any difference.

**Comment by paul99** [comment]
For the record, all the test262 tests passed on my build.

```
test 262 [320:40|% 100|+ 34734|-   0]: Done--- Total time: 20:41.664 ---
```

**Comment by paul99** [comment]
Jérémy, we still do not understand what is different in your config from ours. Much info below. But bottom line, it is working for us. We will need your help to debug a little further, if we cannot figure out how to repro your fails on our side.

One thing we noticed is that you use the -g flag on a release build. Any reason for that? We will try this too.

Dusan did do native GYP shared-lib build on Lemote, with system very similar to yours. Here is his info:

```
Target: mipsel-linux-gnu
Configured with: ../src/configure -v --with-pkgversion='Debian 4.6.1-4'
--with-bugurl=file:///usr/share/doc/gcc-4.6/README.Bugs
--enable-languages=c,c++,fortran,objc,obj-c++ --prefix=/usr
--program-suffix=-4.6 --enable-shared --enable-multiarch
--with-multiarch-defaults=mipsel-linux-gnu --enable-linker-build-id
--with-system-zlib --libexecdir=/usr/lib/mipsel-linux-gnu
--without-included-gettext --enable-threads=posix
--with-gxx-include-dir=/usr/include/c++/4.6
--libdir=/usr/lib/mipsel-linux-gnu --enable-nls --enable-clocale=gnu
--enable-libstdcxx-debug --enable-libstdcxx-time=yes --enable-plugin
--with-mips-plt --with-arch-32=mips2 --with-tune-32=mips32
--enable-targets=all --with-arch-64=mips3 --with-tune-64=mips64
--enable-checking=release --build=mipsel-linux-gnu --host=mipsel-linux-gnu
--target=mipsel-linux-gnu
Thread model: posix
gcc version 4.6.1 (Debian 4.6.1-4)

Debian Version:

cat /etc/debian_version
wheezy/sid
```

Both Dusan and I used yesterday's bleeding_edge. I have now pulled 3.10 branch and have cherry-picked the Loongson specific fix from yesterday, r 11523. I am building this with the -g flag, and will let you know.

If you are up for some debug, we'd like to see a gdb backtrace on one of the crashing tests. So for example, the first fail in your log yesterday was this:

```
=== release unicode-case-overoptimization ===
Path: mjsunit/unicode-case-overoptimization
Command: /home/kapouer/libv8/libv8-3.10.8.3/out/mips.release/d8 --nobreak-on-abort /home/kapouer/libv8/libv8-3.10.8.3/test/mjsunit/mjsunit.js /home/kapouer/libv8/libv8-3.10.8.3/test/mjsunit/unicode-case-overoptimization.js --test
--- CRASHED ---
```

That output prints the line that you need to paste to your shell in order to run that test standalone:

```
/home/kapouer/libv8/libv8-3.10.8.3/out/mips.release/d8 --nobreak-on-abort /home/kapouer/libv8/libv8-3.10.8.3/test/mjsunit/mjsunit.js /home/kapouer/libv8/libv8-3.10.8.3/test/mjsunit/unicode-case-overoptimization.js --test
```

You might run it a few times, to ensure it is a consistent fail, then run it under gdb, and give us the backtrace when it fails.

**Comment by kapouer** [comment]
> One thing we noticed is that you use the -g flag on a release build. Any reason for that? We will try this too.

I did not append that flag myself.

Before stack traces, i happened to run it using the debug target instead of release target
and the errors are slightly more verbose :
https://gist.github.com/2638140

**Comment by kapouer** [comment]
The failing tests won't crash when run individually !
IMO it points to alignment issues (i ran into a very similar behavior on arm and it was the cause).

**Comment by paul99** [comment]
So I see that the failures between debug and release builds are different. I would expect more in debug, since assertions can catch more problems, but I would expect all release tests to also fail in debug mode, it is not the case. (see below), which makes me think there is an element of randomness.

SInce we have not yet been able to repro the fails you see, I am wondering if you could just create a big tarball of your entire dir, all source, object, execuables and get it to us. I think you can use anon ftp to ftp.mips.com, or I can share a dropbox folder with you. Looks like maybe 120 MB uncompressed. Let me know.

With shared-lib build, and me running squeeze, it might not be runnable, due to lib dependancies. Maybe you can try a static lib build?

I realize this is getting to be a real pain for you, and I'm sorry. Usually we have no trouble reproducing a problem, and getting a fix turned around.

```
$ grep '=== release' libv8_3.10.8.3-1_mipsel.build 
=== release unicode-case-overoptimization ===                                  
=== release expression-trees ===                                               
=== release debug-event-listener ===                                           
=== release debug-stepin-accessor ===                              
=== release debug-stepnext-do-while ===                             
=== release debug-clearbreakpointgroup ===                                     
=== release debug-constructor ===                                   
=== release regress-74 ===


$ grep '=== debug' libv8_3.10.8.3-1_mipsel.build 
=== debug numops-fuzz ===
=== debug debug-set-script-source ===
=== debug object-define-property ===
=== debug regexp ===
=== debug unicode-case-overoptimization ===
=== debug regress-1713 ===
=== debug regress-806473 ===
=== debug regexp-pcre ===
=== debug expression-trees ===
=== debug regress-5 ===
=== debug debug-evaluate-locals-optimized-double ===
=== debug regexp-loop-capture ===
=== debug string-slices ===
=== debug switch ===
=== debug block-leave ===
=== debug debug-blockscopes ===
```

**Comment by paul99** [comment]
We have had and solved many alignment issues, previously. On other mips platforms, they show as "bus error". 

They do not show up in debug mode as assertion fails, eg: CHECK(object->IsString()) failed. In the past, they have also been fairly repeatable, not random.

Suggest trying tests that are in both lists (e.g. unicode-case-overoptimization ), and running many times.

You can also run via the test runner script directly as in:

```
tools/test.py --no-build --timeout=120 --time --verbose --arch=mips --report mjsunit/unicode-case-overoptimization
```

**Comment by kapouer** [comment]
You can get the package here :
`dget -xu http://kiwi.edagames.com/~eda/libv8_3.10.8.3-1.dsc`

And then apply patches by doing

```
cd libv8-3.10.8.3
quilt import ../a772bcc1.patch
```

Disable lengthy checks :

```
rm debian/copyright_hints
```

And build the package :

```
sudo apt-get build-dep libv8
debuild
```

If you're not familiar with debian packages, you're mainly concerned by `debian/rules`
and the options therein.

**Comment by paul99** [comment]
I built it from your package. Since I was on an older compiler rev, with different defaults, I had to add this to debian/rules

```
CXXFLAGS += -march=mips3
CXXFLAGS += -Wa,-march=mips3
```

It built and ran with 0 errors:   [57:07|% 100|+ 5631|-   0]: Done  

I turned on snapshots (removed snapshots=off from DEB_MAKE_EXTRA_ARGS in debian/rules) and rebuilt. It built fine, but one test had an error: [43:15|% 100|+ 5630|-   1]: Done

```
=== release regress-1102760 ===                                                
Path: mjsunit/regress/regress-1102760
Command: /pl/deb-v8/libv8-3.10.8.3/out/mips.release/d8 --stress-opt --always-opt --nobreak-on-abort /pl/deb-v8/libv8-3.10.8.3/test/mjsunit/mjsunit.js /pl/deb-v8/libv8-3.10.8.3/test/mjsunit/regress/regress-1102760.js --test
--- CRASHED ---
```

I ran that single test 20 times standalone, and it passed every time. Again, it seems that there is some element of randomness to the fails. I see far less fails than you, but this is the 2nd time a spurious fail happened (was a cctest fail in comment above)

I'd like to try running the binaries that you compiled on your machine, if you can find a way to post them somewhere. Maybe the errors will show up more for us as they do for you, and help us understand this.

Maybe Dusan can take a look at these.

**Comment by paul99** [comment]
When building using 'debuild', how do I do a quick incremental rebuild, like if I change 1 file? In pure GYP, just 'make' does that, that is not working in this packaged environment.

**Comment by kapouer** [comment]
This is supposed to work :

```
debian/rules build
```

**Comment by kapouer** [comment]
This is the whole directory after build and tests (beware it's 211.530.457 bytes long)
http://kiwi.edagames.com/~eda/libv8-3.10.8.3.out.tar.gz

**Comment by paul99** [comment]
I just rebuilt again (snapshots=off), and passed all tests: [54:43|% 100|+ 5631|-   0]: Done                                               

I will try your binaries next. 

Here is Dusan's email from this morning:

```
I have tried binaries from Jeremy, and even then I cannot reproduce
failures.  The result for mjsunit with Jeremy`s binaries:

[133:37|% 100|+ 2803|-   2]: Done

Because binaries are built for debug mode, there are two timeouts of a
single test (regress-1969), beside that nothing else is wrong.

I also built v8 from Jeremy sources and with his instructions on Debian
from Leemote (native build), and once again normal result as yours:

[51:02|% 100|+ 5631|-   0]: Done

I am wondering what is the problem here, and only thing that comes to my
mind is some environment differences such as page size, arch differences,
etc.

I also inspect V8 frame alignment for, since we had that problem earlier
with mjsunit JS debugger tests , and it is ok, aligned to 8 bytes.
```

I think I would like to update my Debian install from Squeeze to the latest (Wheezy testing?) which will match your env better. Can you point me to a link to the best way to do this? I assume some form of dist-upgrade.

I also have obtained a Lemote FuLoong 2F6004 Mini-PC. Do you think there is value in trying a Debian install on this machine?

**Comment by kapouer** [comment]
In fact the machine i'm using only allows building under a chroot. It is handy since you don't have to install sid:
I recommend using the package schroot, you can find a howto here : http://wiki.debian.org/Schroot
and here is a _fast_ step-by-step i just tried on a squeeze box :

1 - install required packages
`sudo apt-get install schroot debootstrap`

2 - add config file `/etc/schroot/chroot.d/sid.conf` containing :

```
[sid]
description=Debian sid (unstable)
type=directory
directory=/srv/chroot/sid
users=johndoe
root-groups=root
preserve-environment=true
```

3 - Install needed packages
As root, try `schroot -csid` followed by `apt-get update`
I had to put those lines in `/etc/apt/sources.list` :

```
deb http://ftp.debian.org/debian/ unstable main
deb-src http://ftp.debian.org/debian/ unstable main
```

Now, still being root, you can install some packages :

```
apt-get install fakeroot locales
apt-get build-dep libv8
```

I also had to fix locales configuration by doing
`dpkg-reconfigure locales`
and choose my current locale to suppress the annoying warning about LC_\* not being set.

4  - debuild
`exit` from schroot, login to johndoe, then `schroot -csid`
You can now build libv8 under a clean sid env.

**Comment by paul99** [comment]
I did not have time to update my machine yet, but I did run your binary, and I saw no errors. We will update to your rev, and I hope that I can also setup the 2nd machine tomorrow.

What kernel are you using? I installed 3.2.11-libre-lemote following these instructions: http://wiki.debian.org/DebianYeeloong/HowTo/Install, and seeing what kernels were available.

**Comment by kapouer** [comment]
Ok, but you do not have to upgrade your system to sid,
it's way safer to use a schroot as explained above - and faster to setup.
It' a debian/squeeze install with kernel 2.6.39-3-loongson-2e here.
EDIT: about the kernel, let me know if you want the config, it's been fiddled with.
I am not the machine admin, it's a porter box setup for debian maintainers,
and you probably understood i'm maintaining libv8 :)

**Comment by paul99** [comment]
Yes, I would like the config. Also, I did not see in a quick search where to grab a copy. Especially since you re-configed, maybe you can put your kernel binary on your site, I may give it a try.

Also, please remind me exactly what hardware you are running on? Is it a lemote, or some other Loongson?

**Comment by kapouer** [comment]
Hardware is http://db.debian.org/machines.cgi?host=eder
and i'm not sure how to get more info, i can only log in as user.

**Comment by paul99** [comment]
Jérémy, we have made some progress in reproducing this, but it is VERY rare on the hw we have. There are a few tests I can make fail in cctest suite, and they fail more often with snapshots enabled. I think this is an atomic-ops/locking issue. I do not have proof yet. From everything I know, Loongson implements the standard mips ll/sc instructions, and I have seen nothing that indicates differences we need to accommodate.

I can get certain cctests to fail 1 or 2 times per 100 tries.

What I can say is that the fix Dusan did was absolutely needed, that fixed a definite regression for Loongson. And these other failures are un-related to our internal code-generation. 

For some unknown reason your hardware shows the problem much more than ours does.

Any chance of us getting a shell account on that box? We need to use ssh and scp to move files onto it for testing.

**Comment by paul99** [comment]
Another important point: the identical binary that fails 1 or 2 per hundred iterations on Lemote, will run 1000's iterations on different mips cores. So it is not the case that our code is generically broken, it is broken only for Loongson.

**Comment by dusmil** [comment]
Here are the mails of our internal communication that would describe Loongson bug details and related findings chronologically , as part of bug summary:

> ## From May 14th:

Hi Paul,

Not much of a progress today, but I manged to catch some things related
regress 1422 to Loongson in gdb. Beside errors of segfault, and bus error
I have seen very rarely illegal instruction. And here it is that situation
in gdb:

Program received signal SIGILL, Illegal instruction.
r0x3cb40c20 in ?? ()
(gdb) r
The program being debugged has been started already.
Start it from the beginning? (y or n) n
Program not restarted.
(gdb) x /1wi 0x3cb40c20
=> 0x3cb40c20:  bnezl   v1,0x3cb214a8
   0x3cb40c24:  0xac
(gdb) x /10wi 0x3cb40c10
   0x3cb40c10:  lw      ra,4(sp)
   0x3cb40c14:  addiu   sp,sp,8
   0x3cb40c18:  jr      ra
   0x3cb40c1c:  nop
=> 0x3cb40c20:  bnezl   v1,0x3cb214a8
   0x3cb40c24:  0xac
   0x3cb40c28:  0x41f13c09
   0x3cb40c2c:  0x41f08081
   0x3cb40c30:  0x41f08081
   0x3cb40c34:  bnel    k1,s0,0x3cb20e7c
   0x3cb40c38:  nop

This testing is done with statically built v8 in release mode, and I have
look into cctest executable with objdump to see if this code is inside it.
This mess/junk of code is outside of cctest/v8 binaries since I could not
find this pattern with objdump.

Also, I want to mentioned that failures depend on time per itareation
required for test to run. So, when I add usleep(200) in Lock function of
LinuxMutex class (platform-linux.cc) there are no failures in 1000
iterations with v8 built for release mode and snapshot on.

Best regards.
Dusan Milosavljevic

> ## From May 16th:

Hi Paul,

New updates for Loongson bug:

I have tried to run the same binary with statically linked libs on
Loongson and Sigma in order to eliminate pthread mutex suspicious
behavior. The same binary built for Loongson (MIPSIII) is executed on
Sigma, and regress1433 is passing in 2000 iterations, but on Loongson it
still fails.

This behavior may be one weak, but still evidence that there is no problem
with mutexes in pthread library.

Also, I tried to vary thread number for regress1433 executions, and test
still  fails when run in loop even with single thread. It appears that
this is not threading issue.

Here is the gdb log of common failure (Bus error):

 ogram received signal SIGBUS, Bus error.
0x53117b30 in ?? ()
(gdb) r
The program being debugged has been started already.
Start it from the beginning? (y or n) r
Please answer y or n.
The program being debugged has been started already.
Start it from the beginning? (y or n) n
Program not restarted.
(gdb) x /3wi 0x53117b30
=> 0x53117b30:  lw      t0,0(a0)
   0x53117b34:  addiu   sp,sp,-4
   0x53117b38:  sw      t0,0(sp)
(gdb) x /12wi 0x53117b00
   0x53117b00:  addiu   sp,sp,-20
   0x53117b04:  sw      ra,16(sp)
   0x53117b08:  sw      s8,12(sp)
   0x53117b0c:  sw      t0,8(sp)
   0x53117b10:  sw      a1,4(sp)
   0x53117b14:  sw      a0,0(sp)
   0x53117b18:  addiu   s8,sp,12
   0x53117b1c:  sll     a0,a0,0x1
   0x53117b20:  addu    a0,s8,a0
   0x53117b24:  addiu   a0,a0,8
   0x53117b28:  sll     a2,a2,0x2
   0x53117b2c:  subu    a2,a0,a2
(gdb) x /22wi 0x53117b00
   0x53117b00:  addiu   sp,sp,-20
   0x53117b04:  sw      ra,16(sp)
   0x53117b08:  sw      s8,12(sp)
   0x53117b0c:  sw      t0,8(sp)
   0x53117b10:  sw      a1,4(sp)
   0x53117b14:  sw      a0,0(sp)
   0x53117b18:  addiu   s8,sp,12
   0x53117b1c:  sll     a0,a0,0x1
   0x53117b20:  addu    a0,s8,a0
   0x53117b24:  addiu   a0,a0,8
   0x53117b28:  sll     a2,a2,0x2
   0x53117b2c:  subu    a2,a0,a2
=> 0x53117b30:  lw      t0,0(a0)
   0x53117b34:  addiu   sp,sp,-4
   0x53117b38:  sw      t0,0(sp)
   0x53117b3c:  bne     a0,a2,0x53117b30
   0x53117b40:  addiu   a0,a0,-4
   0x53117b44:  b       0x53117bb0
   0x53117b48:  nop
   0x53117b4c:  sll     a0,a0,0x1
   0x53117b50:  li      t0,16
   0x53117b54:  addiu   sp,sp,-20
(gdb) info reg a0
a0: 0xcc50c364

I have manged to identify the code sequence and this is generated code of
Builtins::Generate_ArgumentsAdaptorTrampoline in builtins-mips.cc

According to gdb logs, it seems to me that somehow some registers are
clobbered when entering into the generated code from C++ is performed.
This code is part of starting point when native code  compiled form JS is
called.

Best regards.
Dusan Milosavljevic

**Comment by dusmil** [comment]
mail transcript contiunes

> ## From May 28th:

Hi guys,

Here is the latest findings of weird behavior on Loongson bug.

So far what I`ve tried without success, and still I want to mention all
things, as they may be useful.
I`ve managed to reproduce errors on debian remote machine in debug mode
only when all tests are run. Unfortunately, those tests would not fail
when they are run separately. Also, when particular single test is run
through python script (tools/test.py) it doesn`t fail. So no luck with
debugging on remote machine, and I returned to debug regress1433.

On local machine (Leemote), now I can exclude that there is problem with
pthread library. This can be easily proved by running the test in single
thread and comment the Locker line. The Locker implementation relies on
pthread_mutex_lock/unlock functions. Since Locker isn`t needed for single
thread and it isn`t called, the pthread function isn`t called, and the
test still fails.

The most common  failure for regress1433 is SIGSEG in JsEntryTrampoline:
Here are the logs with comments of that failure:

Actual crash happens in Generate_JSEntryTrampolineHelper
(builtins-mips.cc) when the jump from the C++ code to generated code from
JS is performed. The jump is being done with argc=0 (register a3) and
argv=NULL( register s0).

The cause of the crash is dereferencing NULL, and this part of code should
not be executed if argc is 0. In another words, branch at 0x52e404e8 must
not be performed if s0 is 0 (NULL) and a3 is 0. Somehow, t2 get clobbered
and is not zero as it should be.

By the way this code in log is used to load arguments on stack as part as
JSEntry frame.

 x /1wi 0x52e404d0
=> 0x52e404d0:  lw      t0,0(s0)
(gdb) x /20wi 0x52e404b0
   0x52e404b0:  lw      s7,23(a1)
   0x52e404b4:  addiu   sp,sp,-8
   0x52e404b8:  sw      a1,4(sp)
   0x52e404bc:  sw      a2,0(sp)
   0x52e404c0:  sll     t0,a3,0x2
   0x52e404c4:  addu    t2,s0,t0
   0x52e404c8:  b       0x52e404e8
   0x52e404cc:  move    at,at           // this is nop I changed it, don`t
be confused
=> 0x52e404d0:  lw      t0,0(s0)
   0x52e404d4:  addiu   s0,s0,4
   0x52e404d8:  addiu   t5,t5,1
   0x52e404dc:  lw      t0,0(t0)
   0x52e404e0:  addiu   sp,sp,-4
   0x52e404e4:  sw      t0,0(sp)
   0x52e404e8:  bne     s0,t2,0x52e404d0
   0x52e404ec:  move    at,at
   0x52e404f0:  lw      t0,20(s6)
   0x52e404f4:  move    s1,t0
   0x52e404f8:  move    s2,t0
   0x52e404fc:  move    s3,t0

```
     zero       at       v0       v1       a0       a1       a2       a3
```

 R0   00000000 cfffffff 00000000 01563800 52e462c0 55637dd9 55637cfd 00000000
            t0       t1       t2       t3       t4       t5       t6       t7
 R8   015402f0 556080a1 0153e460 ffffffff 00000002 00000003 80216898 80000000
            s0       s1       s2       s3       s4       s5       s6       s7
 R16  00000000 00000003 7fff3aa8 01526f20 015637f8 0153db98 0153da3c 556289a1
            t8       t9       k0       k1       gp       sp       s8       ra
 R24  0000000c 52e40441 0151f760 00000000 0151f760 7ffefffc 7fff3928 52e21a34

 x /40wi 0x52e40480
   0x52e40480:  move    s7,zero
   0x52e40484:  li      t5,3    //dummy instruction to load t5 used for
tracing
   0x52e40488:  addiu   sp,sp,-20
   0x52e4048c:  li      t8,12
   0x52e40490:  lui     t9,0x52e4
   0x52e40494:  ori     t9,t9,0x441
   0x52e40498:  sw      ra,16(sp)
   0x52e4049c:  sw      s8,12(sp)
   0x52e404a0:  sw      s7,8(sp)
   0x52e404a4:  sw      t8,4(sp)
   0x52e404a8:  sw      t9,0(sp)
   0x52e404ac:  addiu   s8,sp,12
   0x52e404b0:  lw      s7,23(a1)
   0x52e404b4:  addiu   sp,sp,-8
   0x52e404b8:  sw      a1,4(sp)
   0x52e404bc:  sw      a2,0(sp)
   0x52e404c0:  sll     t0,a3,0x2
   0x52e404c4:  addu    t2,s0,t0
   0x52e404c8:  b       0x52e404e8
   0x52e404cc:  move    at,at
=> 0x52e404d0:  lw      t0,0(s0)
   0x52e404d4:  addiu   s0,s0,4
   0x52e404d8:  addiu   t5,t5,1  //update t5 if problematic code is executed
---Type <return> to continue, or q <return> to quit---
   0x52e404dc:  lw      t0,0(t0)
   0x52e404e0:  addiu   sp,sp,-4
   0x52e404e4:  sw      t0,0(sp)
   0x52e404e8:  bne     s0,t2,0x52e404d0
   0x52e404ec:  move    at,at
   0x52e404f0:  lw      t0,20(s6)
   0x52e404f4:  move    s1,t0
   0x52e404f8:  move    s2,t0
   0x52e404fc:  move    s3,t0
   0x52e40500:  move    s4,t0
   0x52e40504:  move    s5,t0
   0x52e40508:  move    a0,a3
   0x52e4050c:  lw      a3,19(a1)
   0x52e40510:  lw      s7,23(a1)
   0x52e40514:  lw      a2,55(a3)
   0x52e40518:  sra     a2,a2,0x1
   0x52e4051c:  lw      a3,11(a1)

  Further, I put some instructions in that piece of code and use free
register (t5 in the log) to trace execution path and to see how many
times that problematic branch is taken. This can be seen in the log as
t5 value.
So according to value in t5, the code is executed from the beginning ( it
is not jumped from somewhere in middle of the code block) and the
problematic loop for loading arguments and pushing on stack is executed
only once.

Overall some weird behavior is present here, and t2 is somehow clobbered.

For Gergely:

To reproduce failure of regress1433 try to use v8 with snapshot in release
mode, or to increase the number of iterations in test itself. The test
should be run in the loop with more than 200 iterations in order to fail.

Best regards.

Dusan Milosavljevic

**Comment by dusmil** [comment]
transcript continues:

> ## From June 6th:

Hi Paul, everyone,

There are new interesting findings regarding Loongson weird bug.
I have turned on heap zapping, as we all know this will mark initially
entire heap with 0xdeadbeef value. Luckily, the heap marking is not
consuming a lot of time to change dynamic of execution, so I am able to
reproduce this failure on regress 1433.

I want to remind that I have already proven that failing of the mentioned
test is depending on execution speed in my earlier mails. I have
experimented with usleep in Locker function, and the test in that case
would not fail.

Here is what I got in gdb on Leemote when zapping is done with 0xdeadbeaf:

rogram received signal SIGILL, Illegal instruction.
0x41a40ac0 in ?? ()
(gdb) x /1wi 0x41a40ac0
=> 0x41a40ac0:  move    s1,a3
(gdb) x /10wi 0x41a40ab0
   0x41a40ab0:  li      t5,3
   0x41a40ab4:  addiu   sp,sp,-8
   0x41a40ab8:  sw      a1,4(sp)
   0x41a40abc:  sw      a2,0(sp)
=> 0x41a40ac0:  move    s1,a3
   0x41a40ac4:  move    s2,s0
   0x41a40ac8:  sll     t0,a3,0x2
   0x41a40acc:  move    s3,t0
   0x41a40ad0:  addu    t2,s0,t0
   0x41a40ad4:  move    s4,t2
(gdb) info reg sp
sp: 0x7fff38fc

(gdb) x /10wi 0x41a40ab0
   0x41a40ab0:  li      t5,3
   0x41a40ab4:  addiu   sp,sp,-8
   0x41a40ab8:  sw      a1,4(sp)
   0x41a40abc:  sw      a2,0(sp)
=> 0x41a40ac0:  move    s1,a3
   0x41a40ac4:  move    s2,s0
   0x41a40ac8:  sll     t0,a3,0x2
   0x41a40acc:  move    s3,t0
   0x41a40ad0:  addu    t2,s0,t0
   0x41a40ad4:  move    s4,t2
(gdb)

The real question here is how the move instruction is illegal instructions
on Loongson.
Then I change heap zapping with break instruction opcode. I know that
break instruction if accidently executed will raise SIGTRAP.
So, here is what I got in this case:

Program received signal SIGTRAP, Trace/breakpoint trap.
0x32840a98 in ?? ()
(gdb) x /1wi 0x32840a98
=> 0x32840a98:  sw      s8,12(sp)
(gdb) x /10wi 0x32840a90
   0x32840a90:  ori     t9,t9,0xa41
   0x32840a94:  sw      ra,16(sp)
=> 0x32840a98:  sw      s8,12(sp)
   0x32840a9c:  sw      s7,8(sp)
   0x32840aa0:  sw      t8,4(sp)
   0x32840aa4:  sw      t9,0(sp)
   0x32840aa8:  addiu   s8,sp,12
   0x32840aac:  lw      s7,23(a1)
   0x32840ab0:  li      t5,3
   0x32840ab4:  addiu   sp,sp,-8
(gdb) x /20wi 0x32840a80
   0x32840a80:  move    s7,zero
   0x32840a84:  addiu   sp,sp,-20
   0x32840a88:  li      t8,12
   0x32840a8c:  lui     t9,0x3284
   0x32840a90:  ori     t9,t9,0xa41
   0x32840a94:  sw      ra,16(sp)
=> 0x32840a98:  sw      s8,12(sp)
   0x32840a9c:  sw      s7,8(sp)
   0x32840aa0:  sw      t8,4(sp)
   0x32840aa4:  sw      t9,0(sp)
   0x32840aa8:  addiu   s8,sp,12
   0x32840aac:  lw      s7,23(a1)
   0x32840ab0:  li      t5,3
   0x32840ab4:  addiu   sp,sp,-8
   0x32840ab8:  sw      a1,4(sp)
   0x32840abc:  sw      a2,0(sp)
   0x32840ac0:  move    s1,a3
   0x32840ac4:  move    s2,s0
   0x32840ac8:  sll     t0,a3,0x2
   0x32840acc:  move    s3,t0

The store word instruction is apparently raising SIGTRAP, I don`t think so.
The only cause for this is execution of break instruction.
It seems that disassembly view of code in memory under gdb does not
reflect what in fact is executed on CPU. It look like to me that this may
be strong proof that we have instruction cache flushing issues on
Loongson.

It turns out that we may have recurring cacheflush nightmare that Paul was
talking about on meeting.

Any suggestions, thoughts about this are highly appreciated.

Best regards.
Dusan Milosavljevic

**Comment by paul99** [comment]
Hi Dusan - 

Wow, great findings. I have to agree with your analysis that this points
to a i-cache-invalidation issue.

On my lemote I see 32-byte line-size:

[    0.000000] Primary instruction cache 64kB, VIPT, direct mapped,
linesize 32 bytes.
[    0.000000] Primary data cache 64kB, 4-way, VIPT, no aliases, linesize
32 bytes

I notice is that the failing instructions that gdb points to below are NOT
on a cache-line boundary. They are in the middle of a line, and the
evidence is that we correctly executed previous instructions in the line
(which also would have been heap-zapped, I presume).

Something else I notice (no idea if this is important) is that the I-cache
is NOT 4-way.

Here is sigma board listings for L1 cacheL
Primary instruction cache 32kB, VIPT, 4-way, linesize 32 bytes.
Primary data cache 32kB, 4-way, VIPT, no aliases, linesize 32 bytes

What I remember from the previous M-star cache-invalidation bug-hunt is
that if you give the kernel cache-invalidation routine a size of
cache-size + 1 (65537 in this case) or larger, it will use a different
algorithm to just step thru all I-cache lines and invalidate them all. In
other words, flush the entire cache, regardless of the address/content for
each line.

I think you do have to be sure that you give an I-cache address that is
valid for a range of 64K bytes, but somewhere on the heap should be OK.

We should look at the kernel source, and be sure this is true for Loongson.

So then we can do a patch to v8 FlushICache() to ALWAYS flush the entire
I-cache, by using big size. This does slow things a bit, since every
pointer update (2-instr, 8 bytes for us) will now flush entire cache.
Hopefully the slowdown is not so bad to make the error disappear.

(we could measure the time spent, and using existing flush, with a delay
to make timings the same, and see if bug still happens.)

Thanks,

paul

**Comment by paul99** [comment]
Email from Dusan June 8

Hi Paul,

Good news is that trick with whole instruction cache flushing is working.
With this trick is applied, I can`t get failure on regress 1433 anymore.

Based on this trick I also made path as proposal to fix issue on Loongson,
or at least as temporary workaround until cacheflush  syscall is fixed to
work properly. The patch can be seen on dm-loongson-dev branch.

Also, the good news is that this fix does not have huge impact on
performance according to v8 benchmark.

Here is the result:

With fix for whole iCache flushing:

Richards: 951
DeltaBlue: 1288
Crypto: 1215
RayTrace: 940
EarleyBoyer: 1570
RegExp: 240
Splay: 448
NavierStokes: 506

Score (version 7): 767

Without the fix:

Richards: 964
DeltaBlue: 1271
Crypto: 1269
RayTrace: 953
EarleyBoyer: 1567
RegExp: 246
Splay: 463
NavierStokes: 493

Score (version 7): 775

The best news and the most important thing is that this fix resolves
failures on remote Debian machine that Jeremy had experienced on
Loongson2A.
So we have the same cause of failures from start, that is manifested
differently on his machine and that we barely reproduced as Regress 1433
and some serialization test failures on our Loongson2F machines.

Here is the result of testing on remote machine ( debuild command used ).

Best regards.
Dusan Milosavljevic

**Comment by paul99** [comment]
Email from Paul June 10

Hi Dusan

Thanks for the the update and the fix!  Great news that it fixes the Debian build system as well. 

Per the suggestion in my previous email, I still have a question about the timing, and am wondering if you had a chance to test that?

I can think of 2 ways this thing could fail: 

1). The cache invalidate is bad and never works without the full-flush workaround. 
2). There is some race condition in the memory system, and if the new/updated instructions are run within some small time window after the invalidate, they'll be wrong, but after some time has passed, main memory has the right data, and the instructions will fetch into i-cache properly.

(I'm thinking of this because of the apparent time dependency of some failures, where they fail only in release/snapshot)

I'm wondering if you can measure the time taken for the workaround full-flush, and then try creating a small delay loop to simulate that time taken. (thinking of busy loop, definitely not a sleep, which Linux could make unpredictably long; a for 'i' loop where 'i' is volatile to prevent it from being optimized out)

I can think of justifications for the time delay to be either before or after the real I-cache invalidate, depending on what the flaw in the memory system is. You should probably try both, if you've not already.

Independently from this, it would be nice to test other benchmarks on the workaround version, like sun spider & kraken, maybe also your startup-time micro benchmark that you used to see serialization improvement. 

Thanks,

Paul

**Comment by paul99** [comment]
Additional info for Jin:

As Petar stated in email, the failure is very rare. V8 generates a LOT of small code routines, each of which has cache flush/invalidate after generation. It also frequently patches code to update pointers inclined in lui/ori instructions. Each of those requires flush/invalidate.

I suspect each simple startup of v8 involves thousands of cache flush calls, and most tests always pass. It has been very hard to isolate this Loongson failure, since the overall failure rate is so low.

I suspect we have a failure rate of one bad invalidate in 10^6 or 10^8 tries, maybe even more. We'll write some test to count cache flushes, just to quantify this number.

**Comment by dusmil** [comment]
New info:

I have tried v8 on Loongson3a machine under stress conditions by running regress 1433 cctest in loop for 2000 iterations, and failure does not occur. The v8 was built statically and snapshot feature was turned on.  Also, all other tests from cctest, mjsunit test suites passed. 

As comparison between Loongson3a and Loongson2f,  I want to remind that crashing on regress 1433 test occurs in first 100 iteration on Leemote machine.
For executing this particular test once FlushICache is called 41640 times, most of the calls are flushing of 2 or 3 instructions. If we know that test fails  in most cases between 50th and 100th iteration, It is clear that more than 2 million cacheflush operations are performed before failing.

**Comment by paul99** [comment]
Regarding the 3A, from Jin's emai we should be able to remove cache flush altogether (just as a test at this point)

Regarding the cache-flush error rate: we know that 1433 and a few other tests will occasionally fail. I suspect there is some pattern in the sequence of these tests that provoke the occasional failure.

However, the majority of other v8 tests (several thousand different tests) will never fail as far as I know. So it is not fair to say that we fail one in 2 million cache-flush. The real rate is far lower than than that.

We should validate this by choosing one or a subset of tests and run them in a loop overnight for thousands of iterations.

Another useful data point (that is mentioned above) is that the exact same binary that fails 1 in 100 tries on regress1433 on Lemote/Loongson-2F, will never fail on other type of MIPS cores.

I think that a usefull next step is for Jin to build v8, and run regress1433 on his hardware to see if he can onbseve the failures locally.

**Comment by paul99** [comment]
Email from Dusan, 19-June-2012, 

Hi Paul,

Here is the summary of the Loongson cache flush experiments.

I was experimenting with empty loops in FlushICache function to simulate
delays and to see if those delays have any effect on behavior of cache
flushing.
Firstly, I have measured time required for instruction cache flush
operations when only few instructions is flushed and when whole cache is
flushed.
The results are:

Cacheflush: size 8, taken in: 3 us.
Cacheflush: size 12, taken in: 3 us.
Cacheflush: size 12, taken in: 3 us.
Cacheflush: size 8, taken in: 3 us.
Cacheflush: size 8, taken in: 3 us.
Cacheflush: size 8, taken in: 3 us.
Cacheflush: size 12, taken in: 3 us.
Cacheflush: size 12, taken in: 2 us.
Cacheflush: size 8, taken in: 3 us.
Cacheflush: size 8, taken in: 3 us.

Cacheflush: size 65537, taken in: 44 us.
Cacheflush: size 65537, taken in: 44 us.
Cacheflush: size 65537, taken in: 44 us.
Cacheflush: size 65537, taken in: 44 us.
Cacheflush: size 65537, taken in: 44 us.
Cacheflush: size 65537, taken in: 45 us.
Cacheflush: size 65537, taken in: 45 us.
Cacheflush: size 65537, taken in: 44 us.

So, I was tried to compensate difference in time that was spent for whole
flush i. cache with empty for loop. When I put the empty loop with 1500
iterations after the normal cacheflush syscall (not whole cache is
flushed) in FlushICache function to delay effect of flushing, the whole
operation will take 48 us. In this case Regress 1433 is still failing.
Even when I do delaying with loop of 3000 iterations(this is about 92 us
per operations) I still get failure of the test.  Only when I slowed down
the flush operation substantially (more then 6000 iterations) it seems
that failure is not occurring.

Experiments on Loongson3A:

The regress 1433 is not failing with normal i.cacheflush operations left.

Since Loongson3a handles cache coherency by built-in hardware controller,
cacheflush syscall can be removed. So, with syscall removed in cache flush
v8 function the test is not failing.
The test is run in loop with 2000 iterations via shell script.
All other test from mjsunit and cctest suite passed.

Experiments on Loongson2A (remote Jeremy`s machine);

On this machine if the regress 1433 is being run in loop for large amount
of iterations it will fail. Also, other tests from cctest and mjsunit will
crash when whole test suite is run.

The workaround with whole resolves this crashes and failures, and it does
not cause significant performance regression in v8 benchmark.
Unfortunately, on Sunspider benchmark there is huge impact on performance.

Here is thee result comparison on Loongson2F for Sunspider (20 runs):

Without the workaround (normal cache flush syscall)

---

# 

## RESULTS (means and 95% confidence intervals)

## Total:                 2982.2ms +/- 0.4%

  3d:                   575.9ms +/- 0.5%
    cube:               205.3ms +/- 0.6%
    morph:              103.9ms +/- 1.0%
    raytrace:           266.6ms +/- 0.6%

  access:               214.3ms +/- 1.1%
    binary-trees:        26.3ms +/- 6.8%
    fannkuch:            94.8ms +/- 1.0%
    nbody:               62.5ms +/- 1.4%
    nsieve:              30.7ms +/- 2.0%

  bitops:               201.9ms +/- 1.6%
    3bit-bits-in-byte:   15.7ms +/- 9.3%
    bits-in-byte:        31.9ms +/- 3.3%
    bitwise-and:         60.0ms +/- 2.9%
    nsieve-bits:         94.5ms +/- 0.8%

  controlflow:           28.6ms +/- 5.1%
    recursive:           28.6ms +/- 5.1%

  crypto:               327.8ms +/- 0.8%
    aes:                134.1ms +/- 1.1%
    md5:                119.6ms +/- 1.1%
    sha1:                74.2ms +/- 1.3%

  date:                 300.3ms +/- 0.6%
    format-tofte:       164.1ms +/- 0.8%
    format-xparb:       136.2ms +/- 0.5%

  math:                 270.8ms +/- 0.5%
    cordic:              69.1ms +/- 1.2%
    partial-sums:       158.8ms +/- 0.4%
    spectral-norm:       42.9ms +/- 1.5%

  regexp:               158.9ms +/- 0.7%
    dna:                158.9ms +/- 0.7%

  string:               903.7ms +/- 0.4%
    base64:              80.0ms +/- 1.8%
    fasta:               83.0ms +/- 1.6%
    tagcloud:           342.0ms +/- 0.3%
    unpack-code:        301.8ms +/- 0.2%
    validate-input:      97.0ms +/- 1.1%

---

With workaround:

# 

## RESULTS (means and 95% confidence intervals)

## Total:                  4431.1ms +/- 1.1%

  3d:                   1018.2ms +/- 2.1%
    cube:                404.1ms +/- 0.4%
    morph:               145.1ms +/- 14.6%
    raytrace:            469.1ms +/- 0.4%

  access:                347.9ms +/- 6.1%
    binary-trees:         54.0ms +/- 2.4%
    fannkuch:            131.3ms +/- 15.8%
    nbody:               120.8ms +/- 0.9%
    nsieve:               42.0ms +/- 3.5%

  bitops:                241.8ms +/- 8.6%
    3bit-bits-in-byte:    22.8ms +/- 6.1%
    bits-in-byte:         39.2ms +/- 4.0%
    bitwise-and:          75.9ms +/- 27.6%
    nsieve-bits:         104.0ms +/- 1.0%

  controlflow:            41.6ms +/- 4.2%
    recursive:            41.6ms +/- 4.2%

  crypto:                594.0ms +/- 3.7%
    aes:                 254.7ms +/- 0.7%
    md5:                 211.6ms +/- 0.5%
    sha1:                127.8ms +/- 16.7%

  date:                  477.7ms +/- 0.6%
    format-tofte:        275.8ms +/- 0.5%
    format-xparb:        201.9ms +/- 1.1%

  math:                  342.9ms +/- 0.9%
    cordic:               84.7ms +/- 1.6%
    partial-sums:        195.5ms +/- 0.7%
    spectral-norm:        62.8ms +/- 2.8%

  regexp:                183.8ms +/- 0.8%
    dna:                 183.8ms +/- 0.8%

  string:               1183.2ms +/- 0.3%
    base64:              126.2ms +/- 0.8%
    fasta:               114.8ms +/- 1.0%
    tagcloud:            431.8ms +/- 0.4%
    unpack-code:         366.4ms +/- 0.3%
    validate-input:      144.1ms +/- 1.0%

---

Best regards.
Dusan Milosavljevic
